<?xml version="1.0" encoding="UTF-8"?>
<coverage generated="1466664913">
  <project timestamp="1466664913">
    <package name="Zver">
      <file name="C:\OpenServer\domains\StringHelper\src\Zver/StringHelper.php">
        <class name="StringHelper" namespace="Zver">
          <metrics complexity="177" methods="104" coveredmethods="104" conditionals="0" coveredconditionals="0" statements="492" coveredstatements="492" elements="596" coveredelements="596"/>
        </class>
        <line num="9" type="method" name="getDefaultEncoding" visibility="public" complexity="1" crap="1" count="62"/>
        <line num="11" type="stmt" count="62"/>
        <line num="26" type="method" name="__construct" visibility="protected" complexity="1" crap="1" count="62"/>
        <line num="29" type="stmt" count="62"/>
        <line num="30" type="stmt" count="62"/>
        <line num="31" type="stmt" count="62"/>
        <line num="34" type="stmt" count="62"/>
        <line num="35" type="stmt" count="62"/>
        <line num="36" type="stmt" count="62"/>
        <line num="45" type="method" name="stringify" visibility="protected" complexity="4" crap="4" count="62"/>
        <line num="47" type="stmt" count="62"/>
        <line num="49" type="stmt" count="62"/>
        <line num="50" type="stmt" count="62"/>
        <line num="51" type="stmt" count="62"/>
        <line num="52" type="stmt" count="62"/>
        <line num="54" type="stmt" count="62"/>
        <line num="56" type="stmt" count="62"/>
        <line num="57" type="stmt" count="62"/>
        <line num="58" type="stmt" count="3"/>
        <line num="59" type="stmt" count="3"/>
        <line num="60" type="stmt" count="1"/>
        <line num="62" type="stmt" count="62"/>
        <line num="64" type="stmt" count="62"/>
        <line num="66" type="stmt" count="62"/>
        <line num="75" type="method" name="isEncodingSupported" visibility="public" complexity="1" crap="1" count="1"/>
        <line num="77" type="stmt" count="1"/>
        <line num="85" type="method" name="getSupportedEncodings" visibility="public" complexity="1" crap="1" count="2"/>
        <line num="87" type="stmt" count="2"/>
        <line num="98" type="method" name="loadFromFile" visibility="public" complexity="1" crap="1" count="5"/>
        <line num="100" type="stmt" count="5"/>
        <line num="101" type="stmt" count="5"/>
        <line num="111" type="method" name="setFromFile" visibility="public" complexity="1" crap="1" count="6"/>
        <line num="113" type="stmt" count="6"/>
        <line num="124" type="method" name="load" visibility="public" complexity="2" crap="2" count="62"/>
        <line num="126" type="stmt" count="62"/>
        <line num="127" type="stmt" count="62"/>
        <line num="128" type="stmt" count="62"/>
        <line num="129" type="stmt" count="59"/>
        <line num="130" type="stmt" count="62"/>
        <line num="140" type="method" name="set" visibility="public" complexity="1" crap="1" count="51"/>
        <line num="142" type="stmt" count="51"/>
        <line num="144" type="stmt" count="51"/>
        <line num="160" type="method" name="getScrollPaginationInfo" visibility="public" complexity="7" crap="7" count="5"/>
        <line num="163" type="stmt" count="5"/>
        <line num="165" type="method" name="anonymous function" complexity="3" crap="3" count="5"/>
        <line num="167" type="stmt" count="5"/>
        <line num="168" type="stmt" count="5"/>
        <line num="169" type="stmt" count="5"/>
        <line num="171" type="stmt" count="5"/>
        <line num="172" type="stmt" count="5"/>
        <line num="173" type="stmt" count="5"/>
        <line num="176" type="stmt" count="5"/>
        <line num="177" type="stmt" count="5"/>
        <line num="179" type="stmt" count="5"/>
        <line num="180" type="stmt" count="5"/>
        <line num="181" type="stmt" count="5"/>
        <line num="182" type="stmt" count="5"/>
        <line num="186" type="stmt" count="5"/>
        <line num="187" type="stmt" count="5"/>
        <line num="188" type="stmt" count="5"/>
        <line num="189" type="stmt" count="5"/>
        <line num="191" type="stmt" count="5"/>
        <line num="193" type="stmt" count="5"/>
        <line num="194" type="stmt" count="5"/>
        <line num="195" type="stmt" count="5"/>
        <line num="196" type="stmt" count="5"/>
        <line num="199" type="stmt" count="5"/>
        <line num="201" type="stmt" count="5"/>
        <line num="205" type="stmt" count="5"/>
        <line num="208" type="stmt" count="5"/>
        <line num="210" type="stmt" count="5"/>
        <line num="218" type="method" name="__toString" visibility="public" complexity="1" crap="1" count="16"/>
        <line num="220" type="stmt" count="16"/>
        <line num="228" type="method" name="get" visibility="public" complexity="1" crap="1" count="62"/>
        <line num="230" type="stmt" count="62"/>
        <line num="242" type="method" name="saveToFile" visibility="public" complexity="1" crap="1" count="2"/>
        <line num="244" type="stmt" count="2"/>
        <line num="256" type="method" name="appendToFile" visibility="public" complexity="1" crap="1" count="1"/>
        <line num="258" type="stmt" count="1"/>
        <line num="268" type="method" name="matches" visibility="public" complexity="8" crap="8" count="1"/>
        <line num="271" type="stmt" count="1"/>
        <line num="273" type="stmt" count="1"/>
        <line num="275" type="stmt" count="1"/>
        <line num="277" type="stmt" count="1"/>
        <line num="278" type="stmt" count="1"/>
        <line num="280" type="stmt" count="1"/>
        <line num="281" type="stmt" count="1"/>
        <line num="282" type="stmt" count="1"/>
        <line num="283" type="stmt" count="1"/>
        <line num="286" type="stmt" count="1"/>
        <line num="287" type="stmt" count="1"/>
        <line num="288" type="stmt" count="1"/>
        <line num="290" type="stmt" count="1"/>
        <line num="292" type="stmt" count="1"/>
        <line num="293" type="stmt" count="1"/>
        <line num="294" type="stmt" count="1"/>
        <line num="295" type="stmt" count="1"/>
        <line num="296" type="stmt" count="1"/>
        <line num="298" type="stmt" count="1"/>
        <line num="299" type="stmt" count="1"/>
        <line num="301" type="stmt" count="1"/>
        <line num="303" type="stmt" count="1"/>
        <line num="311" type="method" name="applyEncodings" visibility="protected" complexity="2" crap="2" count="23"/>
        <line num="313" type="stmt" count="23"/>
        <line num="316" type="stmt" count="23"/>
        <line num="318" type="stmt" count="23"/>
        <line num="320" type="stmt" count="2"/>
        <line num="322" type="stmt" count="23"/>
        <line num="324" type="stmt" count="23"/>
        <line num="332" type="method" name="restoreEncodings" visibility="protected" complexity="1" crap="1" count="23"/>
        <line num="334" type="stmt" count="23"/>
        <line num="335" type="stmt" count="23"/>
        <line num="336" type="stmt" count="23"/>
        <line num="338" type="stmt" count="23"/>
        <line num="346" type="method" name="getEncoding" visibility="public" complexity="1" crap="1" count="53"/>
        <line num="348" type="stmt" count="53"/>
        <line num="356" type="method" name="contains" visibility="public" complexity="1" crap="1" count="1"/>
        <line num="358" type="stmt" count="1"/>
        <line num="359" type="stmt" count="1"/>
        <line num="361" type="stmt" count="1"/>
        <line num="372" type="method" name="getPosition" visibility="public" complexity="1" crap="1" count="2"/>
        <line num="374" type="stmt" count="2"/>
        <line num="375" type="stmt" count="2"/>
        <line num="376" type="stmt" count="2"/>
        <line num="377" type="stmt" count="2"/>
        <line num="385" type="method" name="containsIgnoreCase" visibility="public" complexity="1" crap="1" count="1"/>
        <line num="387" type="stmt" count="1"/>
        <line num="388" type="stmt" count="1"/>
        <line num="390" type="stmt" count="1"/>
        <line num="401" type="method" name="getPositionIgnoreCase" visibility="public" complexity="1" crap="1" count="2"/>
        <line num="403" type="stmt" count="2"/>
        <line num="404" type="stmt" count="2"/>
        <line num="405" type="stmt" count="2"/>
        <line num="406" type="stmt" count="2"/>
        <line num="417" type="method" name="getPositionFromEnd" visibility="public" complexity="1" crap="1" count="1"/>
        <line num="419" type="stmt" count="1"/>
        <line num="420" type="stmt" count="1"/>
        <line num="421" type="stmt" count="1"/>
        <line num="422" type="stmt" count="1"/>
        <line num="433" type="method" name="getPositionFromEndIgnoreCase" visibility="public" complexity="1" crap="1" count="1"/>
        <line num="435" type="stmt" count="1"/>
        <line num="436" type="stmt" count="1"/>
        <line num="437" type="stmt" count="1"/>
        <line num="438" type="stmt" count="1"/>
        <line num="448" type="method" name="getSubstringCount" visibility="public" complexity="1" crap="1" count="1"/>
        <line num="450" type="stmt" count="1"/>
        <line num="458" type="method" name="reverse" visibility="public" complexity="1" crap="1" count="1"/>
        <line num="460" type="stmt" count="1"/>
        <line num="468" type="method" name="toCharactersArray" visibility="public" complexity="2" crap="2" count="5"/>
        <line num="470" type="stmt" count="5"/>
        <line num="471" type="stmt" count="5"/>
        <line num="472" type="stmt" count="5"/>
        <line num="474" type="stmt" count="5"/>
        <line num="475" type="stmt" count="5"/>
        <line num="476" type="stmt" count="5"/>
        <line num="477" type="stmt" count="5"/>
        <line num="479" type="stmt" count="5"/>
        <line num="487" type="method" name="length" visibility="public" complexity="1" crap="1" count="19"/>
        <line num="489" type="stmt" count="19"/>
        <line num="500" type="method" name="substring" visibility="public" complexity="1" crap="1" count="17"/>
        <line num="502" type="stmt" count="17"/>
        <line num="510" type="method" name="getClone" visibility="public" complexity="1" crap="1" count="19"/>
        <line num="512" type="stmt" count="19"/>
        <line num="520" type="method" name="isSerialized" visibility="public" complexity="3" crap="3" count="1"/>
        <line num="522" type="stmt" count="1"/>
        <line num="523" type="stmt" count="1"/>
        <line num="524" type="stmt" count="1"/>
        <line num="527" type="stmt" count="1"/>
        <line num="530" type="stmt" count="1"/>
        <line num="531" type="stmt" count="1"/>
        <line num="533" type="stmt" count="1"/>
        <line num="535" type="stmt" count="1"/>
        <line num="538" type="stmt" count="1"/>
        <line num="549" type="method" name="isMatch" visibility="public" complexity="2" crap="2" count="2"/>
        <line num="551" type="stmt" count="2"/>
        <line num="552" type="stmt" count="2"/>
        <line num="553" type="stmt" count="1"/>
        <line num="556" type="stmt" count="2"/>
        <line num="558" type="stmt" count="2"/>
        <line num="560" type="stmt" count="2"/>
        <line num="562" type="stmt" count="2"/>
        <line num="572" type="method" name="isStartsWithIgnoreCase" visibility="public" complexity="3" crap="3" count="1"/>
        <line num="575" type="stmt" count="1"/>
        <line num="577" type="stmt" count="1"/>
        <line num="578" type="stmt" count="1"/>
        <line num="579" type="stmt" count="1"/>
        <line num="582" type="stmt" count="1"/>
        <line num="583" type="stmt" count="1"/>
        <line num="585" type="stmt" count="1"/>
        <line num="586" type="stmt" count="1"/>
        <line num="588" type="stmt" count="1"/>
        <line num="591" type="stmt" count="1"/>
        <line num="601" type="method" name="getFirst" visibility="public" complexity="3" crap="3" count="7"/>
        <line num="603" type="stmt" count="7"/>
        <line num="604" type="stmt" count="7"/>
        <line num="605" type="stmt" count="1"/>
        <line num="607" type="stmt" count="7"/>
        <line num="608" type="stmt" count="7"/>
        <line num="609" type="stmt" count="1"/>
        <line num="612" type="stmt" count="7"/>
        <line num="620" type="method" name="isEqualsIgnoreCase" visibility="public" complexity="1" crap="1" count="4"/>
        <line num="622" type="stmt" count="4"/>
        <line num="623" type="stmt" count="4"/>
        <line num="624" type="stmt" count="4"/>
        <line num="625" type="stmt" count="4"/>
        <line num="637" type="method" name="getLast" visibility="public" complexity="3" crap="3" count="7"/>
        <line num="639" type="stmt" count="7"/>
        <line num="640" type="stmt" count="7"/>
        <line num="641" type="stmt" count="1"/>
        <line num="643" type="stmt" count="7"/>
        <line num="644" type="stmt" count="7"/>
        <line num="645" type="stmt" count="1"/>
        <line num="648" type="stmt" count="7"/>
        <line num="656" type="method" name="toLowerCase" visibility="public" complexity="1" crap="1" count="9"/>
        <line num="658" type="stmt" count="9"/>
        <line num="668" type="method" name="isEndsWithIgnoreCase" visibility="public" complexity="3" crap="3" count="1"/>
        <line num="671" type="stmt" count="1"/>
        <line num="673" type="stmt" count="1"/>
        <line num="674" type="stmt" count="1"/>
        <line num="675" type="stmt" count="1"/>
        <line num="678" type="stmt" count="1"/>
        <line num="679" type="stmt" count="1"/>
        <line num="680" type="stmt" count="1"/>
        <line num="681" type="stmt" count="1"/>
        <line num="683" type="stmt" count="1"/>
        <line num="686" type="stmt" count="1"/>
        <line num="696" type="method" name="getFirstPart" visibility="public" complexity="1" crap="1" count="1"/>
        <line num="698" type="stmt" count="1"/>
        <line num="710" type="method" name="getParts" visibility="public" complexity="4" crap="4" count="1"/>
        <line num="713" type="stmt" count="1"/>
        <line num="714" type="stmt" count="1"/>
        <line num="715" type="stmt" count="1"/>
        <line num="716" type="stmt" count="1"/>
        <line num="718" type="stmt" count="1"/>
        <line num="719" type="stmt" count="1"/>
        <line num="721" type="stmt" count="1"/>
        <line num="723" type="stmt" count="1"/>
        <line num="724" type="stmt" count="1"/>
        <line num="725" type="stmt" count="1"/>
        <line num="726" type="stmt" count="1"/>
        <line num="727" type="stmt" count="1"/>
        <line num="729" type="stmt" count="1"/>
        <line num="739" type="method" name="getLastPart" visibility="public" complexity="1" crap="1" count="1"/>
        <line num="741" type="stmt" count="1"/>
        <line num="743" type="stmt" count="1"/>
        <line num="751" type="method" name="setBeginning" visibility="public" complexity="2" crap="2" count="1"/>
        <line num="753" type="stmt" count="1"/>
        <line num="754" type="stmt" count="1"/>
        <line num="755" type="stmt" count="1"/>
        <line num="756" type="stmt" count="1"/>
        <line num="759" type="stmt" count="1"/>
        <line num="769" type="method" name="isStartsWith" visibility="public" complexity="3" crap="3" count="3"/>
        <line num="772" type="stmt" count="3"/>
        <line num="774" type="stmt" count="3"/>
        <line num="775" type="stmt" count="3"/>
        <line num="776" type="stmt" count="1"/>
        <line num="779" type="stmt" count="3"/>
        <line num="780" type="stmt" count="3"/>
        <line num="782" type="stmt" count="3"/>
        <line num="783" type="stmt" count="3"/>
        <line num="785" type="stmt" count="3"/>
        <line num="788" type="stmt" count="2"/>
        <line num="798" type="method" name="prepend" visibility="public" complexity="1" crap="1" count="4"/>
        <line num="800" type="stmt" count="4"/>
        <line num="808" type="method" name="isEquals" visibility="public" complexity="1" crap="1" count="9"/>
        <line num="810" type="stmt" count="9"/>
        <line num="811" type="stmt" count="9"/>
        <line num="819" type="method" name="setEnding" visibility="public" complexity="2" crap="2" count="1"/>
        <line num="821" type="stmt" count="1"/>
        <line num="822" type="stmt" count="1"/>
        <line num="823" type="stmt" count="1"/>
        <line num="824" type="stmt" count="1"/>
        <line num="827" type="stmt" count="1"/>
        <line num="837" type="method" name="isEndsWith" visibility="public" complexity="3" crap="3" count="3"/>
        <line num="840" type="stmt" count="3"/>
        <line num="842" type="stmt" count="3"/>
        <line num="843" type="stmt" count="3"/>
        <line num="844" type="stmt" count="1"/>
        <line num="847" type="stmt" count="3"/>
        <line num="848" type="stmt" count="3"/>
        <line num="849" type="stmt" count="3"/>
        <line num="850" type="stmt" count="3"/>
        <line num="852" type="stmt" count="3"/>
        <line num="855" type="stmt" count="2"/>
        <line num="865" type="method" name="append" visibility="public" complexity="1" crap="1" count="2"/>
        <line num="867" type="stmt" count="2"/>
        <line num="878" type="method" name="concat" visibility="public" complexity="1" crap="1" count="7"/>
        <line num="880" type="stmt" count="7"/>
        <line num="888" type="method" name="removeBeginning" visibility="public" complexity="2" crap="2" count="1"/>
        <line num="890" type="stmt" count="1"/>
        <line num="891" type="stmt" count="1"/>
        <line num="892" type="stmt" count="1"/>
        <line num="893" type="stmt" count="1"/>
        <line num="896" type="stmt" count="1"/>
        <line num="904" type="method" name="removeEnding" visibility="public" complexity="2" crap="2" count="1"/>
        <line num="906" type="stmt" count="1"/>
        <line num="907" type="stmt" count="1"/>
        <line num="908" type="stmt" count="1"/>
        <line num="909" type="stmt" count="1"/>
        <line num="912" type="stmt" count="1"/>
        <line num="920" type="method" name="toRandomCase" visibility="public" complexity="3" crap="3" count="1"/>
        <line num="922" type="stmt" count="1"/>
        <line num="923" type="stmt" count="1"/>
        <line num="924" type="stmt" count="1"/>
        <line num="926" type="stmt" count="1"/>
        <line num="927" type="stmt" count="1"/>
        <line num="928" type="stmt" count="1"/>
        <line num="929" type="stmt" count="1"/>
        <line num="930" type="stmt" count="1"/>
        <line num="933" type="stmt" count="1"/>
        <line num="935" type="stmt" count="1"/>
        <line num="936" type="stmt" count="1"/>
        <line num="938" type="stmt" count="1"/>
        <line num="946" type="method" name="toUpperCase" visibility="public" complexity="1" crap="1" count="4"/>
        <line num="948" type="stmt" count="4"/>
        <line num="956" type="method" name="toUpperCaseFirst" visibility="public" complexity="1" crap="1" count="1"/>
        <line num="958" type="stmt" count="1"/>
        <line num="959" type="stmt" count="1"/>
        <line num="960" type="stmt" count="1"/>
        <line num="961" type="stmt" count="1"/>
        <line num="962" type="stmt" count="1"/>
        <line num="963" type="stmt" count="1"/>
        <line num="964" type="stmt" count="1"/>
        <line num="965" type="stmt" count="1"/>
        <line num="966" type="stmt" count="1"/>
        <line num="977" type="method" name="fillRight" visibility="public" complexity="3" crap="3" count="1"/>
        <line num="979" type="stmt" count="1"/>
        <line num="980" type="stmt" count="1"/>
        <line num="981" type="stmt" count="1"/>
        <line num="982" type="stmt" count="1"/>
        <line num="983" type="stmt" count="1"/>
        <line num="984" type="stmt" count="1"/>
        <line num="985" type="stmt" count="1"/>
        <line num="987" type="stmt" count="1"/>
        <line num="998" type="method" name="repeat" visibility="public" complexity="2" crap="2" count="2"/>
        <line num="1000" type="stmt" count="2"/>
        <line num="1001" type="stmt" count="2"/>
        <line num="1002" type="stmt" count="2"/>
        <line num="1003" type="stmt" count="2"/>
        <line num="1005" type="stmt" count="2"/>
        <line num="1016" type="method" name="fillLeft" visibility="public" complexity="3" crap="3" count="1"/>
        <line num="1018" type="stmt" count="1"/>
        <line num="1019" type="stmt" count="1"/>
        <line num="1020" type="stmt" count="1"/>
        <line num="1021" type="stmt" count="1"/>
        <line num="1022" type="stmt" count="1"/>
        <line num="1023" type="stmt" count="1"/>
        <line num="1024" type="stmt" count="1"/>
        <line num="1025" type="stmt" count="1"/>
        <line num="1027" type="stmt" count="1"/>
        <line num="1035" type="method" name="removeEntities" visibility="public" complexity="1" crap="1" count="1"/>
        <line num="1037" type="stmt" count="1"/>
        <line num="1047" type="method" name="remove" visibility="public" complexity="1" crap="1" count="14"/>
        <line num="1049" type="stmt" count="14"/>
        <line num="1077" type="method" name="replace" visibility="public" complexity="1" crap="1" count="18"/>
        <line num="1079" type="stmt" count="18"/>
        <line num="1080" type="stmt" count="18"/>
        <line num="1081" type="stmt" count="18"/>
        <line num="1089" type="method" name="nl2br" visibility="public" complexity="1" crap="1" count="1"/>
        <line num="1091" type="stmt" count="1"/>
        <line num="1099" type="method" name="newlineToBreak" visibility="public" complexity="1" crap="1" count="1"/>
        <line num="1101" type="stmt" count="1"/>
        <line num="1109" type="method" name="br2nl" visibility="public" complexity="1" crap="1" count="1"/>
        <line num="1111" type="stmt" count="1"/>
        <line num="1119" type="method" name="breakToNewline" visibility="public" complexity="1" crap="1" count="1"/>
        <line num="1121" type="stmt" count="1"/>
        <line num="1129" type="method" name="underscore" visibility="public" complexity="1" crap="1" count="1"/>
        <line num="1131" type="stmt" count="1"/>
        <line num="1139" type="method" name="slugify" visibility="public" complexity="1" crap="1" count="1"/>
        <line num="1141" type="stmt" count="1"/>
        <line num="1142" type="stmt" count="1"/>
        <line num="1143" type="stmt" count="1"/>
        <line num="1144" type="stmt" count="1"/>
        <line num="1145" type="stmt" count="1"/>
        <line num="1153" type="method" name="hyphenate" visibility="public" complexity="1" crap="1" count="2"/>
        <line num="1155" type="stmt" count="2"/>
        <line num="1163" type="method" name="trimSpaces" visibility="public" complexity="1" crap="1" count="10"/>
        <line num="1165" type="stmt" count="10"/>
        <line num="1166" type="stmt" count="10"/>
        <line num="1167" type="stmt" count="10"/>
        <line num="1175" type="method" name="transliterate" visibility="public" complexity="1" crap="1" count="4"/>
        <line num="1177" type="stmt" count="4"/>
        <line num="1179" type="stmt" count="4"/>
        <line num="1180" type="stmt" count="4"/>
        <line num="1181" type="stmt" count="4"/>
        <line num="1182" type="stmt" count="4"/>
        <line num="1183" type="stmt" count="4"/>
        <line num="1184" type="stmt" count="4"/>
        <line num="1193" type="method" name="trimSpacesRight" visibility="public" complexity="1" crap="1" count="10"/>
        <line num="1195" type="stmt" count="10"/>
        <line num="1203" type="method" name="trimSpacesLeft" visibility="public" complexity="1" crap="1" count="10"/>
        <line num="1205" type="stmt" count="10"/>
        <line num="1216" type="method" name="convertEncoding" visibility="public" complexity="1" crap="1" count="8"/>
        <line num="1218" type="stmt" count="8"/>
        <line num="1219" type="stmt" count="8"/>
        <line num="1221" type="stmt" count="8"/>
        <line num="1232" type="method" name="footerYears" visibility="public" complexity="2" crap="2" count="1"/>
        <line num="1235" type="stmt" count="1"/>
        <line num="1237" type="stmt" count="1"/>
        <line num="1238" type="stmt" count="1"/>
        <line num="1239" type="stmt" count="1"/>
        <line num="1242" type="stmt" count="1"/>
        <line num="1251" type="method" name="shuffleCharacters" visibility="public" complexity="1" crap="1" count="1"/>
        <line num="1253" type="stmt" count="1"/>
        <line num="1254" type="stmt" count="1"/>
        <line num="1255" type="stmt" count="1"/>
        <line num="1257" type="stmt" count="1"/>
        <line num="1265" type="method" name="toLinesArray" visibility="public" complexity="1" crap="1" count="1"/>
        <line num="1267" type="stmt" count="1"/>
        <line num="1278" type="method" name="split" visibility="public" complexity="1" crap="1" count="5"/>
        <line num="1281" type="stmt" count="5"/>
        <line num="1283" type="stmt" count="5"/>
        <line num="1285" type="stmt" count="5"/>
        <line num="1287" type="stmt" count="5"/>
        <line num="1296" type="method" name="soundex" visibility="public" complexity="2" crap="2" count="1"/>
        <line num="1298" type="stmt" count="1"/>
        <line num="1299" type="stmt" count="1"/>
        <line num="1300" type="stmt" count="1"/>
        <line num="1301" type="stmt" count="1"/>
        <line num="1302" type="stmt" count="1"/>
        <line num="1304" type="stmt" count="1"/>
        <line num="1305" type="stmt" count="1"/>
        <line num="1307" type="stmt" count="1"/>
        <line num="1316" type="method" name="metaphone" visibility="public" complexity="2" crap="2" count="1"/>
        <line num="1318" type="stmt" count="1"/>
        <line num="1319" type="stmt" count="1"/>
        <line num="1320" type="stmt" count="1"/>
        <line num="1321" type="stmt" count="1"/>
        <line num="1322" type="stmt" count="1"/>
        <line num="1324" type="stmt" count="1"/>
        <line num="1325" type="stmt" count="1"/>
        <line num="1327" type="stmt" count="1"/>
        <line num="1337" type="method" name="levenshtein" visibility="public" complexity="9" crap="9" count="1"/>
        <line num="1340" type="stmt" count="1"/>
        <line num="1341" type="stmt" count="1"/>
        <line num="1343" type="stmt" count="1"/>
        <line num="1344" type="stmt" count="1"/>
        <line num="1347" type="stmt" count="1"/>
        <line num="1348" type="stmt" count="1"/>
        <line num="1349" type="stmt" count="1"/>
        <line num="1351" type="stmt" count="1"/>
        <line num="1352" type="stmt" count="1"/>
        <line num="1353" type="stmt" count="1"/>
        <line num="1355" type="stmt" count="1"/>
        <line num="1356" type="stmt" count="1"/>
        <line num="1357" type="stmt" count="1"/>
        <line num="1360" type="stmt" count="1"/>
        <line num="1361" type="stmt" count="1"/>
        <line num="1363" type="stmt" count="1"/>
        <line num="1365" type="stmt" count="1"/>
        <line num="1366" type="stmt" count="1"/>
        <line num="1368" type="stmt" count="1"/>
        <line num="1370" type="stmt" count="1"/>
        <line num="1371" type="stmt" count="1"/>
        <line num="1373" type="stmt" count="1"/>
        <line num="1375" type="stmt" count="1"/>
        <line num="1377" type="stmt" count="1"/>
        <line num="1378" type="stmt" count="1"/>
        <line num="1379" type="stmt" count="1"/>
        <line num="1380" type="stmt" count="1"/>
        <line num="1383" type="stmt" count="1"/>
        <line num="1384" type="stmt" count="1"/>
        <line num="1385" type="stmt" count="1"/>
        <line num="1387" type="stmt" count="1"/>
        <line num="1388" type="stmt" count="1"/>
        <line num="1390" type="stmt" count="1"/>
        <line num="1398" type="method" name="toURL" visibility="public" complexity="1" crap="1" count="1"/>
        <line num="1400" type="stmt" count="1"/>
        <line num="1408" type="method" name="fromURL" visibility="public" complexity="1" crap="1" count="1"/>
        <line num="1410" type="stmt" count="1"/>
        <line num="1418" type="method" name="toBase64" visibility="public" complexity="1" crap="1" count="1"/>
        <line num="1420" type="stmt" count="1"/>
        <line num="1428" type="method" name="fromBase64" visibility="public" complexity="1" crap="1" count="1"/>
        <line num="1430" type="stmt" count="1"/>
        <line num="1438" type="method" name="toUUE" visibility="public" complexity="1" crap="1" count="1"/>
        <line num="1440" type="stmt" count="1"/>
        <line num="1448" type="method" name="fromUUE" visibility="public" complexity="1" crap="1" count="1"/>
        <line num="1450" type="stmt" count="1"/>
        <line num="1458" type="method" name="toUTF8" visibility="public" complexity="1" crap="1" count="1"/>
        <line num="1460" type="stmt" count="1"/>
        <line num="1468" type="method" name="fromUTF8" visibility="public" complexity="1" crap="1" count="1"/>
        <line num="1470" type="stmt" count="1"/>
        <line num="1482" type="method" name="toHTMLEntities" visibility="public" complexity="1" crap="1" count="1"/>
        <line num="1484" type="stmt" count="1"/>
        <line num="1495" type="method" name="fromHTMLEntities" visibility="public" complexity="1" crap="1" count="1"/>
        <line num="1497" type="stmt" count="1"/>
        <line num="1505" type="method" name="fromJSON" visibility="public" complexity="2" crap="2" count="1"/>
        <line num="1507" type="stmt" count="1"/>
        <line num="1508" type="stmt" count="1"/>
        <line num="1509" type="stmt" count="1"/>
        <line num="1513" type="stmt" count="1"/>
        <line num="1522" type="method" name="isJSON" visibility="public" complexity="2" crap="2" count="1"/>
        <line num="1524" type="stmt" count="1"/>
        <line num="1525" type="stmt" count="1"/>
        <line num="1526" type="stmt" count="1"/>
        <line num="1529" type="stmt" count="1"/>
        <line num="1531" type="stmt" count="1"/>
        <line num="1539" type="method" name="toJSON" visibility="public" complexity="1" crap="1" count="1"/>
        <line num="1541" type="stmt" count="1"/>
        <line num="1549" type="method" name="fromPunyCode" visibility="public" complexity="1" crap="1" count="1"/>
        <line num="1551" type="stmt" count="1"/>
        <line num="1552" type="stmt" count="1"/>
        <line num="1560" type="method" name="toPunyCode" visibility="public" complexity="1" crap="1" count="1"/>
        <line num="1562" type="stmt" count="1"/>
        <line num="1563" type="stmt" count="1"/>
        <line num="1564" type="stmt" count="1"/>
        <line num="1596" type="method" name="getPreview" visibility="public" complexity="7" crap="7" count="3"/>
        <line num="1598" type="stmt" count="3"/>
        <line num="1599" type="stmt" count="3"/>
        <line num="1600" type="stmt" count="3"/>
        <line num="1601" type="stmt" count="3"/>
        <line num="1603" type="stmt" count="3"/>
        <line num="1604" type="stmt" count="3"/>
        <line num="1605" type="stmt" count="3"/>
        <line num="1607" type="stmt" count="3"/>
        <line num="1609" type="stmt" count="3"/>
        <line num="1610" type="stmt" count="3"/>
        <line num="1611" type="stmt" count="3"/>
        <line num="1614" type="stmt" count="3"/>
        <line num="1615" type="stmt" count="3"/>
        <line num="1616" type="stmt" count="3"/>
        <line num="1619" type="stmt" count="3"/>
        <line num="1622" type="stmt" count="3"/>
        <line num="1624" type="stmt" count="2"/>
        <line num="1625" type="stmt" count="2"/>
        <line num="1626" type="stmt" count="2"/>
        <line num="1627" type="stmt" count="2"/>
        <line num="1628" type="stmt" count="2"/>
        <line num="1629" type="stmt" count="2"/>
        <line num="1630" type="stmt" count="2"/>
        <line num="1631" type="stmt" count="2"/>
        <line num="1632" type="stmt" count="2"/>
        <line num="1633" type="stmt" count="2"/>
        <line num="1634" type="stmt" count="2"/>
        <line num="1637" type="stmt" count="2"/>
        <line num="1638" type="stmt" count="2"/>
        <line num="1639" type="stmt" count="2"/>
        <line num="1640" type="stmt" count="2"/>
        <line num="1641" type="stmt" count="2"/>
        <line num="1642" type="stmt" count="2"/>
        <line num="1644" type="stmt" count="2"/>
        <line num="1645" type="stmt" count="2"/>
        <line num="1646" type="stmt" count="2"/>
        <line num="1649" type="stmt" count="2"/>
        <line num="1650" type="stmt" count="2"/>
        <line num="1651" type="stmt" count="2"/>
        <line num="1652" type="stmt" count="2"/>
        <line num="1653" type="stmt" count="2"/>
        <line num="1654" type="stmt" count="2"/>
        <line num="1655" type="stmt" count="2"/>
        <line num="1656" type="stmt" count="2"/>
        <line num="1657" type="stmt" count="2"/>
        <line num="1658" type="stmt" count="2"/>
        <line num="1659" type="stmt" count="2"/>
        <line num="1662" type="stmt" count="2"/>
        <line num="1663" type="stmt" count="2"/>
        <line num="1664" type="stmt" count="2"/>
        <line num="1665" type="stmt" count="2"/>
        <line num="1666" type="stmt" count="2"/>
        <line num="1667" type="stmt" count="2"/>
        <line num="1669" type="stmt" count="2"/>
        <line num="1670" type="stmt" count="2"/>
        <line num="1673" type="stmt" count="3"/>
        <line num="1684" type="method" name="removeTags" visibility="public" complexity="1" crap="1" count="6"/>
        <line num="1686" type="stmt" count="6"/>
        <line num="1699" type="method" name="spanify" visibility="public" complexity="5" crap="5" count="1"/>
        <line num="1701" type="stmt" count="1"/>
        <line num="1702" type="stmt" count="1"/>
        <line num="1703" type="stmt" count="1"/>
        <line num="1706" type="stmt" count="1"/>
        <line num="1708" type="stmt" count="1"/>
        <line num="1709" type="stmt" count="1"/>
        <line num="1710" type="stmt" count="1"/>
        <line num="1712" type="stmt" count="1"/>
        <line num="1713" type="stmt" count="1"/>
        <line num="1715" type="stmt" count="1"/>
        <line num="1716" type="stmt" count="1"/>
        <line num="1717" type="stmt" count="1"/>
        <line num="1718" type="stmt" count="1"/>
        <line num="1720" type="stmt" count="1"/>
        <line num="1721" type="stmt" count="1"/>
        <line num="1722" type="stmt" count="1"/>
        <line num="1723" type="stmt" count="1"/>
        <line num="1724" type="stmt" count="1"/>
        <line num="1726" type="stmt" count="1"/>
        <line num="1727" type="stmt" count="1"/>
        <line num="1728" type="stmt" count="1"/>
        <line num="1729" type="stmt" count="1"/>
        <line num="1730" type="stmt" count="1"/>
        <line num="1731" type="stmt" count="1"/>
        <line num="1732" type="stmt" count="1"/>
        <line num="1734" type="stmt" count="1"/>
        <line num="1743" type="method" name="isEmptyWithoutTags" visibility="public" complexity="1" crap="1" count="2"/>
        <line num="1745" type="stmt" count="2"/>
        <line num="1746" type="stmt" count="2"/>
        <line num="1747" type="stmt" count="2"/>
        <line num="1756" type="method" name="isEmpty" visibility="public" complexity="1" crap="1" count="2"/>
        <line num="1758" type="stmt" count="2"/>
        <line num="1759" type="stmt" count="2"/>
        <line num="1760" type="stmt" count="2"/>
        <line num="1768" type="method" name="isUpperCase" visibility="public" complexity="1" crap="1" count="1"/>
        <line num="1770" type="stmt" count="1"/>
        <line num="1771" type="stmt" count="1"/>
        <line num="1772" type="stmt" count="1"/>
        <line num="1780" type="method" name="isLowerCase" visibility="public" complexity="1" crap="1" count="1"/>
        <line num="1782" type="stmt" count="1"/>
        <line num="1783" type="stmt" count="1"/>
        <line num="1784" type="stmt" count="1"/>
        <line num="1792" type="method" name="isTitleCase" visibility="public" complexity="1" crap="1" count="1"/>
        <line num="1794" type="stmt" count="1"/>
        <line num="1795" type="stmt" count="1"/>
        <line num="1796" type="stmt" count="1"/>
        <line num="1804" type="method" name="toTitleCase" visibility="public" complexity="1" crap="1" count="2"/>
        <line num="1806" type="stmt" count="2"/>
        <metrics loc="1810" ncloc="1125" classes="1" methods="104" coveredmethods="104" conditionals="0" coveredconditionals="0" statements="510" coveredstatements="510" elements="614" coveredelements="614"/>
      </file>
    </package>
    <metrics files="1" loc="1810" ncloc="1125" classes="1" methods="104" coveredmethods="104" conditionals="0" coveredconditionals="0" statements="510" coveredstatements="510" elements="614" coveredelements="614"/>
  </project>
</coverage>
